0 info it worked if it ends with ok
1 verbose cli [
1 verbose cli   'C:\\Program Files\\nodejs\\node.exe',
1 verbose cli   'C:\\Users\\Elitebook\\AppData\\Roaming\\npm\\node_modules\\npm\\bin\\npm-cli.js',
1 verbose cli   'run',
1 verbose cli   'dev'
1 verbose cli ]
2 info using npm@3.10.10
3 info using node@v12.14.1
4 verbose run-script [ 'predev', 'dev', 'postdev' ]
5 info lifecycle placesharer@1.0.0~predev: placesharer@1.0.0
6 silly lifecycle placesharer@1.0.0~predev: no script for predev, continuing
7 info lifecycle placesharer@1.0.0~dev: placesharer@1.0.0
8 verbose lifecycle placesharer@1.0.0~dev: unsafe-perm in lifecycle true
9 verbose lifecycle placesharer@1.0.0~dev: PATH: C:\Users\Elitebook\AppData\Roaming\npm\node_modules\npm\bin\node-gyp-bin;C:\Users\Elitebook\Documents\class26-project-news-feed\class26-project\node_modules\.bin;C:\Program Files\Git\mingw64\bin;C:\Program Files\Git\usr\bin;C:\Users\Elitebook\bin;C:\Users\Elitebook\bin;C:\Program Files\Git\mingw64\bin;C:\Program Files\Git\usr\local\bin;C:\Program Files\Git\usr\bin;C:\Program Files\Git\usr\bin;C:\Program Files\Git\mingw64\bin;C:\Program Files\Git\usr\bin;C:\Users\Elitebook\bin;C:\Python27;C:\Python27\Scripts;C:\WINDOWS\system32;C:\WINDOWS;C:\WINDOWS\System32\Wbem;C:\WINDOWS\System32\WindowsPowerShell\v1.0;C:\WINDOWS\System32\OpenSSH;C:\Program Files\Git\cmd;C:\Program Files\nodejs;C:\ProgramData\chocolatey\bin;C:\Program Files\MySQL\MySQL Shell 8.0\bin;C:\Users\Elitebook\AppData\Local\Microsoft\WindowsApps;C:\Users\Elitebook\AppData\Local\Programs\Microsoft VS Code\bin;C:\Users\Elitebook\AppData\Roaming\npm;C:\Program Files\heroku\bin;C:\Program Files\MongoDB\Server\4.2\bin;C:\Users\Elitebook\AppData\Local\atom\bin;C:\Program Files\Git\usr\bin\vendor_perl;C:\Program Files\Git\usr\bin\core_perl
10 verbose lifecycle placesharer@1.0.0~dev: CWD: C:\Users\Elitebook\Documents\class26-project-news-feed\class26-project
11 silly lifecycle placesharer@1.0.0~dev: Args: [
11 silly lifecycle   '/d /s /c',
11 silly lifecycle   'concurrently "nodemon app.js" "cd frontend && npm start"'
11 silly lifecycle ]
12 silly lifecycle placesharer@1.0.0~dev: Returned: code: 1073807364  signal: null
13 info lifecycle placesharer@1.0.0~dev: Failed to exec dev script
14 verbose stack Error: placesharer@1.0.0 dev: `concurrently "nodemon app.js" "cd frontend && npm start"`
14 verbose stack Exit status 1073807364
14 verbose stack     at EventEmitter.<anonymous> (C:\Users\Elitebook\AppData\Roaming\npm\node_modules\npm\lib\utils\lifecycle.js:255:16)
14 verbose stack     at EventEmitter.emit (events.js:223:5)
14 verbose stack     at ChildProcess.<anonymous> (C:\Users\Elitebook\AppData\Roaming\npm\node_modules\npm\lib\utils\spawn.js:40:14)
14 verbose stack     at ChildProcess.emit (events.js:223:5)
14 verbose stack     at maybeClose (internal/child_process.js:1021:16)
14 verbose stack     at Process.ChildProcess._handle.onexit (internal/child_process.js:283:5)
15 verbose pkgid placesharer@1.0.0
16 verbose cwd C:\Users\Elitebook\Documents\class26-project-news-feed\class26-project
17 error Windows_NT 10.0.18362
18 error argv "C:\\Program Files\\nodejs\\node.exe" "C:\\Users\\Elitebook\\AppData\\Roaming\\npm\\node_modules\\npm\\bin\\npm-cli.js" "run" "dev"
19 error node v12.14.1
20 error npm  v3.10.10
21 error code ELIFECYCLE
22 error placesharer@1.0.0 dev: `concurrently "nodemon app.js" "cd frontend && npm start"`
22 error Exit status 1073807364
23 error Failed at the placesharer@1.0.0 dev script 'concurrently "nodemon app.js" "cd frontend && npm start"'.
23 error Make sure you have the latest version of node.js and npm installed.
23 error If you do, this is most likely a problem with the placesharer package,
23 error not with npm itself.
23 error Tell the author that this fails on your system:
23 error     concurrently "nodemon app.js" "cd frontend && npm start"
23 error You can get information on how to open an issue for this project with:
23 error     npm bugs placesharer
23 error Or if that isn't available, you can get their info via:
23 error     npm owner ls placesharer
23 error There is likely additional logging output above.
24 verbose exit [ 1, true ]
